  Application.cpp
D:\GIT\test\src\CameraManager.h(105,21): warning C4244: "=": konwersja z "double" do "float", możliwa utrata danych
D:\GIT\test\src\CameraManager.h(106,21): warning C4244: "=": konwersja z "double" do "float", możliwa utrata danych
D:\GIT\test\src\CameraManager.h(110,23): warning C4244: "inicjowanie": konwersja z "double" do "float", możliwa utrata danych
D:\GIT\test\src\CameraManager.h(111,23): warning C4244: "inicjowanie": konwersja z "double" do "float", możliwa utrata danych
D:\GIT\test\src\CameraManager.h(112,17): warning C4244: "=": konwersja z "double" do "float", możliwa utrata danych
D:\GIT\test\src\CameraManager.h(113,17): warning C4244: "=": konwersja z "double" do "float", możliwa utrata danych
D:\GIT\test\src\Application.cpp(120,28): warning C4244: "inicjowanie": konwersja z "double" do "float", możliwa utrata danych
  Shader.h
  Generowanie kodu...
JustDown\Debug\glm.obj : warning LNK4042: obiekt określono więcej niż raz; dodatkowe wystąpienia zostały zignorowane
LINK : warning LNK4098: domyślna biblioteka „MSVCRT” powoduje konflikt z innymi bibliotekami; użyj opcji /NODEFAULTLIB:biblioteka
Application.obj : error LNK2001: nierozpoznany symbol zewnętrzny "public: static struct glm::vec<3,float,0> CameraManager::cameraPos" (?cameraPos@CameraManager@@2U?$vec@$02M$0A@@glm@@A)
Application.obj : error LNK2001: nierozpoznany symbol zewnętrzny "public: static struct glm::vec<3,float,0> CameraManager::cameraFront" (?cameraFront@CameraManager@@2U?$vec@$02M$0A@@glm@@A)
Application.obj : error LNK2001: nierozpoznany symbol zewnętrzny "public: static struct glm::vec<3,float,0> CameraManager::cameraUp" (?cameraUp@CameraManager@@2U?$vec@$02M$0A@@glm@@A)
Application.obj : error LNK2001: nierozpoznany symbol zewnętrzny "public: static struct glm::vec<3,float,0> CameraManager::savedCameraPos" (?savedCameraPos@CameraManager@@2U?$vec@$02M$0A@@glm@@A)
Application.obj : error LNK2001: nierozpoznany symbol zewnętrzny "public: static struct glm::vec<3,float,0> CameraManager::savedCameraFront" (?savedCameraFront@CameraManager@@2U?$vec@$02M$0A@@glm@@A)
Application.obj : error LNK2001: nierozpoznany symbol zewnętrzny "public: static bool CameraManager::freeFlyMode" (?freeFlyMode@CameraManager@@2_NA)
Application.obj : error LNK2001: nierozpoznany symbol zewnętrzny "public: static bool CameraManager::keyPressed" (?keyPressed@CameraManager@@2_NA)
Application.obj : error LNK2001: nierozpoznany symbol zewnętrzny "public: static float CameraManager::yaw" (?yaw@CameraManager@@2MA)
Application.obj : error LNK2001: nierozpoznany symbol zewnętrzny "public: static float CameraManager::pitch" (?pitch@CameraManager@@2MA)
Application.obj : error LNK2001: nierozpoznany symbol zewnętrzny "public: static float CameraManager::lastX" (?lastX@CameraManager@@2MA)
Application.obj : error LNK2001: nierozpoznany symbol zewnętrzny "public: static float CameraManager::lastY" (?lastY@CameraManager@@2MA)
Application.obj : error LNK2001: nierozpoznany symbol zewnętrzny "public: static bool CameraManager::firstMouse" (?firstMouse@CameraManager@@2_NA)
D:\GIT\test\Debug\JustDown.exe : fatal error LNK1120: liczba nierozpoznanych elementów zewnętrznych: 12
